<?xml version="1.0" encoding="UTF-8"?>
<!-- Generated by org.testng.reporters.JUnitReportReporter -->
<testsuite hostname="DESKTOP-J7K1C7R" name="code.tests.VehicleSearchFilterTest" tests="4" failures="0" timestamp="8 Nov 2016 20:17:03 GMT" time="49.594" errors="0">
  <testcase name="checkingSearchingByFilters" time="17.827" classname="code.tests.VehicleSearchFilterTest"/>
  <testcase name="checkingSearchingByFilters" time="10.122" classname="code.tests.VehicleSearchFilterTest"/>
  <testcase name="checkingSearchingByFilters" time="10.775" classname="code.tests.VehicleSearchFilterTest"/>
  <testcase name="checkingSearchingByFilters" time="10.870" classname="code.tests.VehicleSearchFilterTest"/>
</testsuite> <!-- code.tests.VehicleSearchFilterTest -->
